<?xml version="1.0" encoding="UTF-8" standalone="no"?>
<testsuite errors="0" failures="0" name="io.cucumber.core.plugin.JUnitFormatter" skipped="0" tests="1" time="7.17">
<testcase classname="Get All Entries" name="Get All Entries" time="6.84">
<system-out><![CDATA[Given User sends API request for the ENTRIES endpoint, expected status code: 200.passed
And User verifies count of total entries not null and more than 1425........passed
And User saves all Categories and Links.....................................passed
]]></system-out>
</testcase>
</testsuite>
